2025-04-24 10:27:57 0 [Note] Starting MariaDB 11.7.2-MariaDB source revision 80067a69feaeb5df30abb1bfaf7d4e713ccbf027 server_uid 4ku77QhC+tCA6AiJLsP+yjtn+hg= as process 16392
2025-04-24 10:27:57 0 [Note] InnoDB: Compressed tables use zlib 1.3.1
2025-04-24 10:27:57 0 [Note] InnoDB: Number of transaction pools: 1
2025-04-24 10:27:57 0 [Note] InnoDB: Using crc32 + pclmulqdq instructions
2025-04-24 10:27:57 0 [Note] InnoDB: Initializing buffer pool, total size = 3.959GiB, chunk size = 63.344MiB
2025-04-24 10:27:57 0 [Note] InnoDB: Completed initialization of buffer pool
2025-04-24 10:27:57 0 [Note] InnoDB: File system buffers for log disabled (block size=4096 bytes)
2025-04-24 10:27:57 0 [Note] InnoDB: End of log at LSN=46300
2025-04-24 10:27:57 0 [Note] InnoDB: Opened 3 undo tablespaces
2025-04-24 10:27:57 0 [Note] InnoDB: 128 rollback segments in 3 undo tablespaces are active.
2025-04-24 10:27:57 0 [Note] InnoDB: Setting file './ibtmp1' size to 12.000MiB. Physically writing the file full; Please wait ...
2025-04-24 10:27:57 0 [Note] InnoDB: File './ibtmp1' size is now 12.000MiB.
2025-04-24 10:27:57 0 [Note] InnoDB: log sequence number 46300; transaction id 14
2025-04-24 10:27:57 0 [Note] Plugin 'FEEDBACK' is disabled.
2025-04-24 10:27:57 0 [Note] InnoDB: Loading buffer pool(s) from C:\Users\Sabina Craciun\Documents\Fitness\db\ib_buffer_pool
2025-04-24 10:27:57 0 [Note] mysqld.exe: SSPI: using principal name 'localhost', mech 'Negotiate'
2025-04-24 10:27:57 0 [Note] InnoDB: Buffer pool(s) load completed at 250424 10:27:57
2025-04-24 10:27:58 0 [Note] Server socket created on IP: '::'.
2025-04-24 10:27:58 0 [Note] Server socket created on IP: '0.0.0.0'.
2025-04-24 10:27:58 0 [Note] mysqld.exe: Event Scheduler: Loaded 0 events
2025-04-24 10:27:58 0 [Note] C:\Program Files\MariaDB 11.7\bin\mysqld.exe: ready for connections.
Version: '11.7.2-MariaDB'  socket: ''  port: 3306  mariadb.org binary distribution
2025-04-24 12:33:04 32 [Warning] Aborted connection 32 to db: 'mariadb' user: 'root' host: 'localhost' (Got an error reading communication packets)
